2021-04-26 11:09:39,254 INFO o.a.j.u.JMeterUtils: Setting Locale to es_ES
2021-04-26 11:09:39,342 INFO o.a.j.u.JMeterUtils: Could not find resources for 'es_ES', using 'es'
2021-04-26 11:09:39,344 INFO o.a.j.JMeter: Loading user properties from: /home/eps/apache-jmeter-5.4.1/bin/user.properties
2021-04-26 11:09:39,345 INFO o.a.j.JMeter: Loading system properties from: /home/eps/apache-jmeter-5.4.1/bin/system.properties
2021-04-26 11:09:39,352 INFO o.a.j.JMeter: Copyright (c) 1998-2021 The Apache Software Foundation
2021-04-26 11:09:39,353 INFO o.a.j.JMeter: Version 5.4.1
2021-04-26 11:09:39,353 INFO o.a.j.JMeter: java.version=1.8.0_282
2021-04-26 11:09:39,353 INFO o.a.j.JMeter: java.vm.name=OpenJDK 64-Bit Server VM
2021-04-26 11:09:39,353 INFO o.a.j.JMeter: os.name=Linux
2021-04-26 11:09:39,353 INFO o.a.j.JMeter: os.arch=amd64
2021-04-26 11:09:39,353 INFO o.a.j.JMeter: os.version=5.4.0-42-generic
2021-04-26 11:09:39,353 INFO o.a.j.JMeter: file.encoding=UTF-8
2021-04-26 11:09:39,353 INFO o.a.j.JMeter: java.awt.headless=null
2021-04-26 11:09:39,353 INFO o.a.j.JMeter: Max memory     =911736832
2021-04-26 11:09:39,354 INFO o.a.j.JMeter: Available Processors =3
2021-04-26 11:09:39,400 INFO o.a.j.JMeter: Default Locale=español (España)
2021-04-26 11:09:39,401 INFO o.a.j.JMeter: JMeter  Locale=español (España)
2021-04-26 11:09:39,401 INFO o.a.j.JMeter: JMeterHome=/home/eps/apache-jmeter-5.4.1
2021-04-26 11:09:39,402 INFO o.a.j.JMeter: user.dir  =/home/eps/Escritorio/SegundoSemestre/SistemasInformaticos2/Práctica2/P2-alumnos/P2
2021-04-26 11:09:39,402 INFO o.a.j.JMeter: PWD       =/home/eps/Escritorio/SegundoSemestre/SistemasInformaticos2/Práctica2/P2-alumnos/P2
2021-04-26 11:09:39,403 INFO o.a.j.JMeter: IP: 127.0.1.1 Name: labvirteps FullName: labvirteps
2021-04-26 11:09:40,209 INFO o.a.j.JMeter: Setting LAF to: com.github.weisj.darklaf.DarkLaf:com.github.weisj.darklaf.theme.DarculaTheme
2021-04-26 11:09:43,874 INFO o.a.j.JMeter: Loaded icon properties from org/apache/jmeter/images/icon.properties
2021-04-26 11:09:54,136 INFO o.a.j.s.FileServer: Default base='/home/eps/Escritorio/SegundoSemestre/SistemasInformaticos2/Práctica2/P2-alumnos/P2'
2021-04-26 11:09:54,148 INFO o.a.j.g.a.Load: Loading file: /home/eps/Escritorio/SegundoSemestre/SistemasInformaticos2/Práctica2/P2-alumnos/P2/P2.jmx
2021-04-26 11:09:54,148 INFO o.a.j.s.FileServer: Set new base='/home/eps/Escritorio/SegundoSemestre/SistemasInformaticos2/Práctica2/P2-alumnos/P2'
2021-04-26 11:09:54,429 INFO o.a.j.s.SaveService: Testplan (JMX) version: 2.2. Testlog (JTL) version: 2.2
2021-04-26 11:09:54,479 INFO o.a.j.s.SaveService: Using SaveService properties file encoding UTF-8
2021-04-26 11:09:54,481 INFO o.a.j.s.SaveService: Using SaveService properties version 5.0
2021-04-26 11:09:54,484 INFO o.a.j.s.SaveService: Loading file: /home/eps/Escritorio/SegundoSemestre/SistemasInformaticos2/Práctica2/P2-alumnos/P2/P2.jmx
2021-04-26 11:09:54,576 INFO o.a.j.p.h.s.HTTPSamplerBase: Parser for text/html is org.apache.jmeter.protocol.http.parser.LagartoBasedHtmlParser
2021-04-26 11:09:54,576 INFO o.a.j.p.h.s.HTTPSamplerBase: Parser for application/xhtml+xml is org.apache.jmeter.protocol.http.parser.LagartoBasedHtmlParser
2021-04-26 11:09:54,576 INFO o.a.j.p.h.s.HTTPSamplerBase: Parser for application/xml is org.apache.jmeter.protocol.http.parser.LagartoBasedHtmlParser
2021-04-26 11:09:54,576 INFO o.a.j.p.h.s.HTTPSamplerBase: Parser for text/xml is org.apache.jmeter.protocol.http.parser.LagartoBasedHtmlParser
2021-04-26 11:09:54,577 INFO o.a.j.p.h.s.HTTPSamplerBase: Parser for text/vnd.wap.wml is org.apache.jmeter.protocol.http.parser.RegexpHTMLParser
2021-04-26 11:09:54,577 INFO o.a.j.p.h.s.HTTPSamplerBase: Parser for text/css is org.apache.jmeter.protocol.http.parser.CssParser
2021-04-26 11:09:54,739 INFO o.a.j.s.SampleResult: Note: Sample TimeStamps are START times
2021-04-26 11:09:54,739 INFO o.a.j.s.SampleResult: sampleresult.default.encoding is set to ISO-8859-1
2021-04-26 11:09:54,740 INFO o.a.j.s.SampleResult: sampleresult.useNanoTime=true
2021-04-26 11:09:54,740 INFO o.a.j.s.SampleResult: sampleresult.nanoThreadSleep=5000
2021-04-26 11:09:54,958 INFO o.a.j.v.ViewResultsFullVisualizer: Add JavaFX to your Java installation if you want to use renderer: org.apache.jmeter.visualizers.RenderInBrowser
2021-04-26 11:09:55,274 INFO o.a.j.s.FileServer: Set new base='/home/eps/Escritorio/SegundoSemestre/SistemasInformaticos2/Práctica2/P2-alumnos/P2'
2021-04-26 11:10:08,162 INFO o.a.j.e.StandardJMeterEngine: Running the test!
2021-04-26 11:10:08,164 INFO o.a.j.s.SampleEvent: List of sample_variables: []
2021-04-26 11:10:08,164 INFO o.a.j.s.SampleEvent: List of sample_variables: []
2021-04-26 11:10:08,167 INFO o.a.j.e.u.CompoundVariable: Note: Function class names must contain the string: '.functions.'
2021-04-26 11:10:08,168 INFO o.a.j.e.u.CompoundVariable: Note: Function class names must not contain the string: '.gui.'
2021-04-26 11:10:08,557 INFO o.a.j.g.u.JMeterMenuBar: setRunning(true, *local*)
2021-04-26 11:10:08,723 INFO o.a.j.e.StandardJMeterEngine: Starting ThreadGroup: 1 : P1-ejb
2021-04-26 11:10:08,723 INFO o.a.j.e.StandardJMeterEngine: Starting 1 threads for group P1-ejb.
2021-04-26 11:10:08,723 INFO o.a.j.e.StandardJMeterEngine: Thread will continue on error
2021-04-26 11:10:08,724 INFO o.a.j.t.ThreadGroup: Starting thread group... number=1 threads=1 ramp-up=5 delayedStart=false
2021-04-26 11:10:08,731 INFO o.a.j.t.ThreadGroup: Started thread group number 1
2021-04-26 11:10:08,732 INFO o.a.j.e.StandardJMeterEngine: All thread groups have been started
2021-04-26 11:10:08,754 INFO o.a.j.t.JMeterThread: Thread started: P1-ejb 1-1
2021-04-26 11:10:08,762 INFO o.a.j.s.FileServer: Stored: datagen/listado.csv
2021-04-26 11:10:08,810 INFO o.a.j.p.h.s.HTTPJavaImpl: Maximum connection retries = 0
2021-04-26 11:10:14,129 INFO o.a.j.t.JMeterThread: Thread is done: P1-ejb 1-1
2021-04-26 11:10:14,129 INFO o.a.j.t.JMeterThread: Thread finished: P1-ejb 1-1
2021-04-26 11:10:14,129 INFO o.a.j.e.StandardJMeterEngine: Notifying test listeners of end of test
2021-04-26 11:10:14,130 INFO o.a.j.s.FileServer: Close: datagen/listado.csv
2021-04-26 11:10:14,133 INFO o.a.j.g.u.JMeterMenuBar: setRunning(false, *local*)
2021-04-26 11:12:16,095 INFO o.a.j.s.FileServer: Set new base='/home/eps/Escritorio/SegundoSemestre/SistemasInformaticos2/Práctica2/P2-alumnos/P2'
